TN:
SF:src\modules\appointments\services\CreateAppointmentService.ts
FN:19,(anonymous_12)
FN:30,(anonymous_13)
FNF:2
FNH:2
FNDA:5,(anonymous_12)
FNDA:6,(anonymous_13)
DA:2,1
DA:3,1
DA:5,1
DA:17,1
DA:21,5
DA:24,5
DA:27,5
DA:32,6
DA:34,6
DA:35,2
DA:38,4
DA:39,1
DA:42,3
DA:43,1
DA:48,2
DA:50,2
DA:51,0
DA:54,2
DA:56,2
DA:58,2
DA:60,2
DA:62,0
DA:68,1
LF:23
LH:21
BRDA:34,0,0,2
BRDA:34,0,1,4
BRDA:38,1,0,1
BRDA:38,1,1,3
BRDA:42,2,0,1
BRDA:42,2,1,2
BRDA:42,3,0,3
BRDA:42,3,1,2
BRDA:50,4,0,0
BRDA:50,4,1,2
BRF:10
BRH:9
end_of_record
TN:
SF:src\modules\appointments\services\ListProviderAppointmentsService.ts
FN:16,(anonymous_11)
FN:24,(anonymous_12)
FNF:2
FNH:2
FNDA:1,(anonymous_11)
FNDA:1,(anonymous_12)
DA:1,1
DA:15,1
DA:18,1
DA:21,1
DA:25,1
DA:27,1
DA:29,1
DA:31,1
DA:32,1
DA:39,1
DA:42,1
DA:46,1
LF:12
LH:12
BRDA:31,0,0,1
BRDA:31,0,1,0
BRF:2
BRH:1
end_of_record
TN:
SF:src\modules\appointments\services\ListProviderDayAvailabilityService.ts
FN:20,(anonymous_11)
FN:25,(anonymous_12)
FN:33,(anonymous_14)
FN:38,(anonymous_15)
FN:39,(anonymous_16)
FNF:5
FNH:5
FNDA:1,(anonymous_11)
FNDA:1,(anonymous_12)
FNDA:10,(anonymous_14)
FNDA:10,(anonymous_15)
FNDA:19,(anonymous_16)
DA:1,1
DA:2,1
DA:19,1
DA:22,1
DA:27,1
DA:29,1
DA:31,1
DA:33,10
DA:36,1
DA:38,1
DA:39,19
DA:41,10
DA:43,10
DA:49,1
DA:53,1
LF:15
LH:15
BRDA:45,0,0,10
BRDA:45,0,1,8
BRF:2
BRH:2
end_of_record
TN:
SF:src\modules\appointments\services\ListProviderMonthAvailabilityService.ts
FN:20,(anonymous_11)
FN:26,(anonymous_12)
FN:34,(anonymous_14)
FN:37,(anonymous_15)
FN:38,(anonymous_16)
FNF:5
FNH:5
FNDA:1,(anonymous_11)
FNDA:1,(anonymous_12)
FNDA:31,(anonymous_14)
FNDA:31,(anonymous_15)
FNDA:341,(anonymous_16)
DA:1,1
DA:2,1
DA:18,1
DA:22,1
DA:28,1
DA:30,1
DA:32,1
DA:34,31
DA:37,1
DA:38,31
DA:39,341
DA:42,31
DA:48,1
DA:52,1
LF:14
LH:14
BRF:0
BRH:0
end_of_record
TN:
SF:src\modules\appointments\services\ListProvidersService.ts
FN:14,(anonymous_11)
FN:22,(anonymous_12)
FNF:2
FNH:2
FNDA:1,(anonymous_11)
FNDA:1,(anonymous_12)
DA:1,1
DA:13,1
DA:16,1
DA:19,1
DA:24,1
DA:26,1
DA:28,1
DA:29,1
DA:33,1
DA:36,1
DA:41,1
LF:11
LH:11
BRDA:28,0,0,1
BRDA:28,0,1,0
BRF:2
BRH:1
end_of_record
TN:
SF:src\modules\users\services\AuthenticateUserService.ts
FN:25,(anonymous_12)
FN:33,(anonymous_13)
FNF:2
FNH:2
FNDA:3,(anonymous_12)
FNDA:3,(anonymous_13)
DA:2,1
DA:3,1
DA:4,1
DA:5,1
DA:9,1
DA:23,1
DA:27,3
DA:30,3
DA:35,3
DA:37,3
DA:38,1
DA:41,2
DA:43,1
DA:44,1
DA:47,0
DA:52,0
DA:58,1
LF:17
LH:15
BRDA:37,0,0,1
BRDA:37,0,1,2
BRDA:43,1,0,1
BRDA:43,1,1,0
BRF:4
BRH:3
end_of_record
TN:
SF:src\modules\users\services\CreateUserService.ts
FN:18,(anonymous_12)
FN:29,(anonymous_13)
FNF:2
FNH:2
FNDA:2,(anonymous_12)
FNDA:3,(anonymous_13)
DA:2,1
DA:3,1
DA:5,1
DA:16,1
DA:20,2
DA:23,2
DA:26,2
DA:31,3
DA:33,3
DA:34,1
DA:37,2
DA:39,2
DA:41,2
DA:43,2
DA:49,1
LF:15
LH:15
BRDA:33,0,0,1
BRDA:33,0,1,2
BRF:2
BRH:2
end_of_record
TN:
SF:src\modules\users\services\ResetPasswordService.ts
FN:16,(anonymous_12)
FN:27,(anonymous_13)
FNF:2
FNH:2
FNDA:4,(anonymous_12)
FNDA:4,(anonymous_13)
DA:1,1
DA:2,1
DA:4,1
DA:15,1
DA:18,4
DA:21,4
DA:24,4
DA:28,4
DA:30,4
DA:31,1
DA:34,3
DA:36,3
DA:37,1
DA:40,2
DA:41,2
DA:43,2
DA:44,1
DA:47,1
DA:49,1
DA:53,1
LF:20
LH:20
BRDA:30,0,0,1
BRDA:30,0,1,3
BRDA:36,1,0,1
BRDA:36,1,1,2
BRDA:43,2,0,1
BRDA:43,2,1,1
BRF:6
BRH:6
end_of_record
TN:
SF:src\modules\users\services\SendForgotPasswordEmailService.ts
FN:15,(anonymous_12)
FN:26,(anonymous_13)
FNF:2
FNH:2
FNDA:3,(anonymous_12)
FNDA:3,(anonymous_13)
DA:1,1
DA:2,1
DA:4,1
DA:14,1
DA:17,3
DA:20,3
DA:23,3
DA:27,3
DA:29,3
DA:30,1
DA:33,2
DA:35,2
DA:42,2
DA:59,1
LF:14
LH:14
BRDA:29,0,0,1
BRDA:29,0,1,2
BRF:2
BRH:2
end_of_record
TN:
SF:src\modules\users\services\ShowProfileService.ts
FN:14,(anonymous_12)
FN:19,(anonymous_13)
FNF:2
FNH:2
FNDA:2,(anonymous_12)
FNDA:2,(anonymous_13)
DA:1,1
DA:3,1
DA:13,1
DA:16,2
DA:20,2
DA:22,2
DA:23,1
DA:26,1
DA:30,1
LF:9
LH:9
BRDA:22,0,0,1
BRDA:22,0,1,1
BRF:2
BRH:2
end_of_record
TN:
SF:src\modules\users\services\ShowUsersService.ts
FN:11,(anonymous_11)
FN:16,(anonymous_12)
FNF:2
FNH:0
FNDA:0,(anonymous_11)
FNDA:0,(anonymous_12)
DA:1,0
DA:10,0
DA:13,0
DA:17,0
DA:19,0
DA:23,0
LF:6
LH:0
BRF:0
BRH:0
end_of_record
TN:
SF:src\modules\users\services\UpdateProfileService.ts
FN:19,(anonymous_12)
FN:27,(anonymous_13)
FNF:2
FNH:2
FNDA:6,(anonymous_12)
FNDA:6,(anonymous_13)
DA:1,1
DA:3,1
DA:18,1
DA:21,6
DA:24,6
DA:29,6
DA:31,6
DA:32,1
DA:35,5
DA:37,5
DA:38,1
DA:41,4
DA:42,4
DA:44,4
DA:45,1
DA:48,3
DA:49,2
DA:54,2
DA:55,1
DA:58,1
DA:61,2
DA:65,1
LF:22
LH:22
BRDA:31,0,0,1
BRDA:31,0,1,5
BRDA:37,1,0,1
BRDA:37,1,1,4
BRDA:37,2,0,5
BRDA:37,2,1,1
BRDA:44,3,0,1
BRDA:44,3,1,3
BRDA:44,4,0,4
BRDA:44,4,1,3
BRDA:48,5,0,2
BRDA:48,5,1,1
BRDA:48,6,0,3
BRDA:48,6,1,2
BRDA:54,7,0,1
BRDA:54,7,1,1
BRF:16
BRH:16
end_of_record
TN:
SF:src\modules\users\services\UpdateUserAvatarService.ts
FN:19,(anonymous_12)
FN:27,(anonymous_13)
FNF:2
FNH:2
FNDA:3,(anonymous_12)
FNDA:4,(anonymous_13)
DA:5,1
DA:7,1
DA:17,1
DA:21,3
DA:24,3
DA:29,4
DA:31,4
DA:32,1
DA:35,3
DA:36,1
DA:39,3
DA:41,3
DA:42,3
DA:44,3
DA:50,1
LF:15
LH:15
BRDA:31,0,0,1
BRDA:31,0,1,3
BRDA:35,1,0,1
BRDA:35,1,1,2
BRF:4
BRH:4
end_of_record
